# JRE version: Java(TM) SE Runtime Environment (8.0_25-b17) (build 1.8.0_25-b17)
# Java VM: Java HotSpot(TM) 64-Bit Server VM (25.25-b02 mixed mode linux-amd64 compressed oops)
Heap:
 PSYoungGen      total 232960K, used 50852K [0x00000000eab00000, 0x0000000100000000, 0x0000000100000000)
  eden space 116736K, 19% used [0x00000000eab00000,0x00000000ec1cca90,0x00000000f1d00000)
  from space 116224K, 23% used [0x00000000f1d00000,0x00000000f37dc658,0x00000000f8e80000)
  to   space 116224K, 0% used [0x00000000f8e80000,0x00000000f8e80000,0x0000000100000000)
 ParOldGen       total 516608K, used 339255K [0x00000000c0000000, 0x00000000df880000, 0x00000000eab00000)
  object space 516608K, 65% used [0x00000000c0000000,0x00000000d4b4dfa8,0x00000000df880000)
 Metaspace       used 6150K, capacity 7216K, committed 7296K, reserved 1056768K
  class space    used 574K, capacity 616K, committed 640K, reserved 1048576K
GC Heap History (10 events):
Event: 46.618 GC heap before
{Heap before GC invocations=17 (full 3):
 PSYoungGen      total 274432K, used 274149K [0x00000000eab00000, 0x0000000100000000, 0x0000000100000000)
  eden space 210432K, 100% used [0x00000000eab00000,0x00000000f7880000,0x00000000f7880000)
  from space 64000K, 99% used [0x00000000f7880000,0x00000000fb6b9660,0x00000000fb700000)
  to   space 74752K, 0% used [0x00000000fb700000,0x00000000fb700000,0x0000000100000000)
 ParOldGen       total 339456K, used 206283K [0x00000000c0000000, 0x00000000d4b80000, 0x00000000eab00000)
  object space 339456K, 60% used [0x00000000c0000000,0x00000000cc972c88,0x00000000d4b80000)
 Metaspace       used 6138K, capacity 7216K, committed 7296K, reserved 1056768K
  class space    used 572K, capacity 616K, committed 640K, reserved 1048576K
Event: 47.200 GC heap after
Heap after GC invocations=17 (full 3):
 PSYoungGen      total 236544K, used 74751K [0x00000000eab00000, 0x0000000100000000, 0x0000000100000000)
  eden space 161792K, 0% used [0x00000000eab00000,0x00000000eab00000,0x00000000f4900000)
  from space 74752K, 99% used [0x00000000fb700000,0x00000000fffffda0,0x0000000100000000)
  to   space 93696K, 0% used [0x00000000f4900000,0x00000000f4900000,0x00000000fa480000)
 ParOldGen       total 339456K, used 227052K [0x00000000c0000000, 0x00000000d4b80000, 0x00000000eab00000)
  object space 339456K, 66% used [0x00000000c0000000,0x00000000cddbb0c0,0x00000000d4b80000)
 Metaspace       used 6138K, capacity 7216K, committed 7296K, reserved 1056768K
  class space    used 572K, capacity 616K, committed 640K, reserved 1048576K
}
Event: 49.079 GC heap before
{Heap before GC invocations=18 (full 3):
 PSYoungGen      total 236544K, used 236543K [0x00000000eab00000, 0x0000000100000000, 0x0000000100000000)
  eden space 161792K, 100% used [0x00000000eab00000,0x00000000f4900000,0x00000000f4900000)
  from space 74752K, 99% used [0x00000000fb700000,0x00000000fffffda0,0x0000000100000000)
  to   space 93696K, 0% used [0x00000000f4900000,0x00000000f4900000,0x00000000fa480000)
 ParOldGen       total 339456K, used 227052K [0x00000000c0000000, 0x00000000d4b80000, 0x00000000eab00000)
  object space 339456K, 66% used [0x00000000c0000000,0x00000000cddbb0c0,0x00000000d4b80000)
 Metaspace       used 6149K, capacity 7216K, committed 7296K, reserved 1056768K
  class space    used 574K, capacity 616K, committed 640K, reserved 1048576K
Event: 49.554 GC heap after
Heap after GC invocations=18 (full 3):
 PSYoungGen      total 238080K, used 75831K [0x00000000eab00000, 0x0000000100000000, 0x0000000100000000)
  eden space 161792K, 0% used [0x00000000eab00000,0x00000000eab00000,0x00000000f4900000)
  from space 76288K, 99% used [0x00000000f4900000,0x00000000f930dc48,0x00000000f9380000)
  to   space 101888K, 0% used [0x00000000f9c80000,0x00000000f9c80000,0x0000000100000000)
 ParOldGen       total 339456K, used 252780K [0x00000000c0000000, 0x00000000d4b80000, 0x00000000eab00000)
  object space 339456K, 74% used [0x00000000c0000000,0x00000000cf6db1b0,0x00000000d4b80000)
 Metaspace       used 6149K, capacity 7216K, committed 7296K, reserved 1056768K
  class space    used 574K, capacity 616K, committed 640K, reserved 1048576K
}
Event: 51.179 GC heap before
{Heap before GC invocations=19 (full 3):
 PSYoungGen      total 238080K, used 237623K [0x00000000eab00000, 0x0000000100000000, 0x0000000100000000)
  eden space 161792K, 100% used [0x00000000eab00000,0x00000000f4900000,0x00000000f4900000)
  from space 76288K, 99% used [0x00000000f4900000,0x00000000f930dc48,0x00000000f9380000)
  to   space 101888K, 0% used [0x00000000f9c80000,0x00000000f9c80000,0x0000000100000000)
 ParOldGen       total 339456K, used 252780K [0x00000000c0000000, 0x00000000d4b80000, 0x00000000eab00000)
  object space 339456K, 74% used [0x00000000c0000000,0x00000000cf6db1b0,0x00000000d4b80000)
 Metaspace       used 6150K, capacity 7216K, committed 7296K, reserved 1056768K
  class space    used 574K, capacity 616K, committed 640K, reserved 1048576K
Event: 51.575 GC heap after
Heap after GC invocations=19 (full 3):
 PSYoungGen      total 218624K, used 101121K [0x00000000eab00000, 0x0000000100000000, 0x0000000100000000)
  eden space 116736K, 0% used [0x00000000eab00000,0x00000000eab00000,0x00000000f1d00000)
  from space 101888K, 99% used [0x00000000f9c80000,0x00000000fff40708,0x0000000100000000)
  to   space 116224K, 0% used [0x00000000f1d00000,0x00000000f1d00000,0x00000000f8e80000)
 ParOldGen       total 339456K, used 252780K [0x00000000c0000000, 0x00000000d4b80000, 0x00000000eab00000)
  object space 339456K, 74% used [0x00000000c0000000,0x00000000cf6db1b0,0x00000000d4b80000)
 Metaspace       used 6150K, capacity 7216K, committed 7296K, reserved 1056768K
  class space    used 574K, capacity 616K, committed 640K, reserved 1048576K
}
Event: 52.737 GC heap before
{Heap before GC invocations=20 (full 3):
 PSYoungGen      total 218624K, used 217857K [0x00000000eab00000, 0x0000000100000000, 0x0000000100000000)
  eden space 116736K, 100% used [0x00000000eab00000,0x00000000f1d00000,0x00000000f1d00000)
  from space 101888K, 99% used [0x00000000f9c80000,0x00000000fff40708,0x0000000100000000)
  to   space 116224K, 0% used [0x00000000f1d00000,0x00000000f1d00000,0x00000000f8e80000)
 ParOldGen       total 339456K, used 252780K [0x00000000c0000000, 0x00000000d4b80000, 0x00000000eab00000)
  object space 339456K, 74% used [0x00000000c0000000,0x00000000cf6db1b0,0x00000000d4b80000)
 Metaspace       used 6150K, capacity 7216K, committed 7296K, reserved 1056768K
  class space    used 574K, capacity 616K, committed 640K, reserved 1048576K
Event: 53.282 GC heap after
Heap after GC invocations=20 (full 3):
 PSYoungGen      total 232960K, used 69643K [0x00000000eab00000, 0x0000000100000000, 0x0000000100000000)
  eden space 116736K, 0% used [0x00000000eab00000,0x00000000eab00000,0x00000000f1d00000)
  from space 116224K, 59% used [0x00000000f1d00000,0x00000000f6102c00,0x00000000f8e80000)
  to   space 116224K, 0% used [0x00000000f8e80000,0x00000000f8e80000,0x0000000100000000)
 ParOldGen       total 339456K, used 302249K [0x00000000c0000000, 0x00000000d4b80000, 0x00000000eab00000)
  object space 339456K, 89% used [0x00000000c0000000,0x00000000d272a5a8,0x00000000d4b80000)
 Metaspace       used 6150K, capacity 7216K, committed 7296K, reserved 1056768K
  class space    used 574K, capacity 616K, committed 640K, reserved 1048576K
}
Event: 53.282 GC heap before
{Heap before GC invocations=21 (full 4):
 PSYoungGen      total 232960K, used 69643K [0x00000000eab00000, 0x0000000100000000, 0x0000000100000000)
  eden space 116736K, 0% used [0x00000000eab00000,0x00000000eab00000,0x00000000f1d00000)
  from space 116224K, 59% used [0x00000000f1d00000,0x00000000f6102c00,0x00000000f8e80000)
  to   space 116224K, 0% used [0x00000000f8e80000,0x00000000f8e80000,0x0000000100000000)
 ParOldGen       total 339456K, used 302249K [0x00000000c0000000, 0x00000000d4b80000, 0x00000000eab00000)
  object space 339456K, 89% used [0x00000000c0000000,0x00000000d272a5a8,0x00000000d4b80000)
 Metaspace       used 6150K, capacity 7216K, committed 7296K, reserved 1056768K
  class space    used 574K, capacity 616K, committed 640K, reserved 1048576K
Event: 58.088 GC heap after
Heap after GC invocations=21 (full 4):
 PSYoungGen      total 232960K, used 27505K [0x00000000eab00000, 0x0000000100000000, 0x0000000100000000)
  eden space 116736K, 0% used [0x00000000eab00000,0x00000000eab00000,0x00000000f1d00000)
  from space 116224K, 23% used [0x00000000f1d00000,0x00000000f37dc658,0x00000000f8e80000)
  to   space 116224K, 0% used [0x00000000f8e80000,0x00000000f8e80000,0x0000000100000000)
 ParOldGen       total 516608K, used 339255K [0x00000000c0000000, 0x00000000df880000, 0x00000000eab00000)
  object space 516608K, 65% used [0x00000000c0000000,0x00000000d4b4dfa8,0x00000000df880000)
 Metaspace       used 6150K, capacity 7216K, committed 7296K, reserved 1056768K
  class space    used 574K, capacity 616K, committed 640K, reserved 1048576K
}

